<?xml version="1.0" encoding="UTF-8"?>
<!-- Generated by org.testng.reporters.JUnitXMLReporter -->
<testsuite hostname="MittalComputer" ignored="0" name="FREE CRM App Test Cases" tests="9" failures="0" timestamp="2020-12-11T12:28:34 EST" time="157.065" errors="0">
  <testcase name="loginPageTitleTest" time="0.209" classname="com.crm.qa.testcases.LoginPageTest"/>
  <testcase name="loginTest" time="1.807" classname="com.crm.qa.testcases.LoginPageTest"/>
  <testcase name="verifyHomePageTitleTest" time="0.021" classname="com.crm.qa.testcases.HomePageTest"/>
  <testcase name="verifyUserNameTest" time="1.573" classname="com.crm.qa.testcases.HomePageTest"/>
  <testcase name="verifycontactsLinkTest" time="1.866" classname="com.crm.qa.testcases.HomePageTest"/>
  <testcase name="verifyContactsPageLabel" time="0.622" classname="com.crm.qa.testcases.ContactsPageTest"/>
  <testcase name="validateCreateNewContact" time="7.826" classname="com.crm.qa.testcases.ContactsPageTest"/>
  <testcase name="validateCreateNewContact" time="6.177" classname="com.crm.qa.testcases.ContactsPageTest"/>
  <testcase name="validateCreateNewContact" time="6.008" classname="com.crm.qa.testcases.ContactsPageTest"/>
</testsuite> <!-- FREE CRM App Test Cases -->
