<?xml version="1.0" encoding="UTF-8"?>
<!-- Generated by org.testng.reporters.JUnitXMLReporter -->
<testsuite ignored="0" hostname="MittalComputer" failures="0" tests="7" name="Test on firefox" time="1046.417" errors="0" timestamp="2020-10-02T19:56:35 EDT">
  <testcase classname="com.crm.qa.testcases.HomePageTest" name="@BeforeMethod setUp" time="0.0">
    <failure type="java.lang.Error" message="Unresolved compilation problem: 
	The method initialization(String) in the type TestBase is not applicable for the arguments ()
">
      <![CDATA[java.lang.Error: Unresolved compilation problem: 
The method initialization(String) in the type TestBase is not applicable for the arguments ()

at com.crm.qa.testcases.HomePageTest.setUp(HomePageTest.java:31)
at java.base/java.util.ArrayList.forEach(ArrayList.java:1510)
at java.base/java.util.concurrent.FutureTask.run(FutureTask.java:264)
at java.base/java.util.concurrent.ThreadPoolExecutor.runWorker(ThreadPoolExecutor.java:1130)
at java.base/java.util.concurrent.ThreadPoolExecutor$Worker.run(ThreadPoolExecutor.java:630)
at java.base/java.lang.Thread.run(Thread.java:832)
... Removed 22 stack frames]]>
    </failure>
  </testcase> <!-- @BeforeMethod setUp -->
  <testcase classname="com.crm.qa.testcases.HomePageTest" name="@AfterMethod tearDown" time="-1.601682995085E9">
    <skipped/>
  </testcase> <!-- @AfterMethod tearDown -->
  <testcase classname="com.crm.qa.base.TestBase" name="@BeforeMethod initialization" time="-1.601682995088E9">
    <skipped/>
  </testcase> <!-- @BeforeMethod initialization -->
  <testcase classname="com.crm.qa.testcases.LoginPageTest" name="@BeforeMethod setUp" time="-1.60168299509E9">
    <skipped/>
  </testcase> <!-- @BeforeMethod setUp -->
  <testcase classname="com.crm.qa.base.TestBase" name="@BeforeMethod initialization" time="-1.601682995096E9">
    <skipped/>
  </testcase> <!-- @BeforeMethod initialization -->
  <testcase classname="com.crm.qa.testcases.HomePageTest" name="@BeforeMethod setUp" time="-1.601682995098E9">
    <skipped/>
  </testcase> <!-- @BeforeMethod setUp -->
  <testcase classname="com.crm.qa.testcases.HomePageTest" name="@AfterMethod tearDown" time="-1.601682995102E9">
    <skipped/>
  </testcase> <!-- @AfterMethod tearDown -->
  <testcase classname="com.crm.qa.base.TestBase" name="@BeforeMethod initialization" time="-1.601682995106E9">
    <skipped/>
  </testcase> <!-- @BeforeMethod initialization -->
  <testcase classname="com.crm.qa.testcases.HomePageTest" name="@BeforeMethod setUp" time="-1.601682995108E9">
    <skipped/>
  </testcase> <!-- @BeforeMethod setUp -->
  <testcase classname="com.crm.qa.testcases.HomePageTest" name="@AfterMethod tearDown" time="-1.601682995112E9">
    <skipped/>
  </testcase> <!-- @AfterMethod tearDown -->
  <testcase classname="com.crm.qa.base.TestBase" name="@BeforeMethod initialization" time="-1.601682995176E9">
    <skipped/>
  </testcase> <!-- @BeforeMethod initialization -->
  <testcase classname="com.crm.qa.testcases.ContactsPageTest" name="@BeforeMethod setUp" time="-1.601682995177E9">
    <skipped/>
  </testcase> <!-- @BeforeMethod setUp -->
  <testcase classname="com.crm.qa.testcases.ContactsPageTest" name="@AfterMethod tearDown" time="-1.601682995181E9">
    <skipped/>
  </testcase> <!-- @AfterMethod tearDown -->
  <testcase classname="com.crm.qa.base.TestBase" name="@BeforeMethod initialization" time="-1.601682995187E9">
    <skipped/>
  </testcase> <!-- @BeforeMethod initialization -->
  <testcase classname="com.crm.qa.testcases.ContactsPageTest" name="@BeforeMethod setUp" time="-1.601682995189E9">
    <skipped/>
  </testcase> <!-- @BeforeMethod setUp -->
  <testcase classname="com.crm.qa.testcases.ContactsPageTest" name="@AfterMethod tearDown" time="-1.601682995194E9">
    <skipped/>
  </testcase> <!-- @AfterMethod tearDown -->
  <testcase classname="com.crm.qa.base.TestBase" name="@BeforeMethod initialization" time="-1.601682995198E9">
    <skipped/>
  </testcase> <!-- @BeforeMethod initialization -->
  <testcase classname="com.crm.qa.testcases.ContactsPageTest" name="@BeforeMethod setUp" time="-1.601682995199E9">
    <skipped/>
  </testcase> <!-- @BeforeMethod setUp -->
  <testcase classname="com.crm.qa.testcases.ContactsPageTest" name="@AfterMethod tearDown" time="-1.601682995206E9">
    <skipped/>
  </testcase> <!-- @AfterMethod tearDown -->
  <testcase classname="com.crm.qa.testcases.HomePageTest" name="verifyHomePageTitleTest" time="0.0">
    <skipped/>
  </testcase> <!-- verifyHomePageTitleTest -->
  <testcase classname="com.crm.qa.testcases.LoginPageTest" name="loginTest" time="0.0">
    <skipped/>
  </testcase> <!-- loginTest -->
  <testcase classname="com.crm.qa.testcases.HomePageTest" name="verifyUserNameTest" time="0.0">
    <skipped/>
  </testcase> <!-- verifyUserNameTest -->
  <testcase classname="com.crm.qa.testcases.HomePageTest" name="verifycontactsLinkTest" time="0.0">
    <skipped/>
  </testcase> <!-- verifycontactsLinkTest -->
  <testcase classname="com.crm.qa.testcases.ContactsPageTest" name="validateCreateNewContact" time="0.0">
    <skipped/>
  </testcase> <!-- validateCreateNewContact -->
  <testcase classname="com.crm.qa.testcases.ContactsPageTest" name="validateCreateNewContact" time="0.0">
    <skipped/>
  </testcase> <!-- validateCreateNewContact -->
  <testcase classname="com.crm.qa.testcases.ContactsPageTest" name="validateCreateNewContact" time="0.0">
    <skipped/>
  </testcase> <!-- validateCreateNewContact -->
</testsuite> <!-- Test on firefox -->
