<?xml version="1.0" encoding="UTF-8"?>
<!-- Generated by org.testng.reporters.JUnitXMLReporter -->
<testsuite hostname="MittalComputer" ignored="0" name="Test3" tests="4" failures="0" timestamp="2020-10-02T23:13:06 EDT" time="46.799" errors="0">
  <testcase name="verifyContactsPageLabel" time="0.074" classname="com.crm.qa.testcases.ContactsPageTest"/>
  <testcase name="validateCreateNewContact" time="2.032" classname="com.crm.qa.testcases.ContactsPageTest"/>
  <testcase name="validateCreateNewContact" time="2.078" classname="com.crm.qa.testcases.ContactsPageTest"/>
  <testcase name="validateCreateNewContact" time="2.173" classname="com.crm.qa.testcases.ContactsPageTest"/>
</testsuite> <!-- Test3 -->
