<?xml version="1.0" encoding="UTF-8"?>
<!-- Generated by org.testng.reporters.JUnitXMLReporter -->
<testsuite hostname="MittalComputer" ignored="0" name="Test2" tests="3" failures="0" timestamp="2020-10-02T23:18:05 EDT" time="27.304" errors="0">
  <testcase name="verifyHomePageTitleTest" time="0.027" classname="com.crm.qa.testcases.HomePageTest"/>
  <testcase name="verifyUserNameTest" time="1.122" classname="com.crm.qa.testcases.HomePageTest"/>
  <testcase name="verifycontactsLinkTest" time="1.278" classname="com.crm.qa.testcases.HomePageTest"/>
</testsuite> <!-- Test2 -->
