<?xml version="1.0" encoding="UTF-8"?>
<!-- Generated by org.testng.reporters.JUnitXMLReporter -->
<testsuite ignored="0" hostname="MittalComputer" failures="0" tests="9" name="Surefire test" time="95.051" errors="0" timestamp="2020-11-02T17:03:53 EST">
  <testcase classname="com.crm.qa.testcases.ContactsPageTest" name="verifyContactsPageLabel" time="0.13"/>
  <testcase classname="com.crm.qa.testcases.ContactsPageTest" name="validateCreateNewContact" time="1.492"/>
  <testcase classname="com.crm.qa.testcases.ContactsPageTest" name="validateCreateNewContact" time="1.548"/>
  <testcase classname="com.crm.qa.testcases.ContactsPageTest" name="validateCreateNewContact" time="2.21"/>
  <testcase classname="com.crm.qa.testcases.HomePageTest" name="verifyHomePageTitleTest" time="0.013"/>
  <testcase classname="com.crm.qa.testcases.HomePageTest" name="verifyUserNameTest" time="0.952"/>
  <testcase classname="com.crm.qa.testcases.HomePageTest" name="verifycontactsLinkTest" time="1.395"/>
  <testcase classname="com.crm.qa.testcases.LoginPageTest" name="loginPageTitleTest" time="0.025"/>
  <testcase classname="com.crm.qa.testcases.LoginPageTest" name="loginTest" time="0.483"/>
</testsuite> <!-- Surefire test -->
