<?xml version="1.0" encoding="UTF-8"?>
<!-- Generated by org.testng.reporters.JUnitXMLReporter -->
<testsuite ignored="0" hostname="MittalComputer" failures="0" tests="9" name="Surefire test" time="87.338" errors="0" timestamp="2020-11-02T15:01:48 EST">
  <testcase classname="com.crm.qa.testcases.ContactsPageTest" name="verifyContactsPageLabel" time="0.081"/>
  <testcase classname="com.crm.qa.testcases.ContactsPageTest" name="validateCreateNewContact" time="2.289"/>
  <testcase classname="com.crm.qa.testcases.ContactsPageTest" name="validateCreateNewContact" time="2.234"/>
  <testcase classname="com.crm.qa.testcases.ContactsPageTest" name="validateCreateNewContact" time="2.441"/>
  <testcase classname="com.crm.qa.testcases.HomePageTest" name="verifyHomePageTitleTest" time="0.011"/>
  <testcase classname="com.crm.qa.testcases.HomePageTest" name="verifyUserNameTest" time="0.742"/>
  <testcase classname="com.crm.qa.testcases.HomePageTest" name="verifycontactsLinkTest" time="1.059"/>
  <testcase classname="com.crm.qa.testcases.LoginPageTest" name="loginPageTitleTest" time="0.012"/>
  <testcase classname="com.crm.qa.testcases.LoginPageTest" name="loginTest" time="0.345"/>
</testsuite> <!-- Surefire test -->
