<?xml version="1.0" encoding="UTF-8"?>
<testsuite xmlns:xsi="http://www.w3.org/2001/XMLSchema-instance" xsi:noNamespaceSchemaLocation="https://maven.apache.org/surefire/maven-surefire-plugin/xsd/surefire-test-report-3.0.xsd" version="3.0" name="TestSuite" time="10.41" tests="1" errors="0" skipped="0" failures="0">
  <properties>
[...]
</properties>
  <testcase name="loginTest" classname="com.crm.qa.testcases.LoginPageTest" time="0.308">
    <system-out><![CDATA[Before navigating to: 'https://ui.cogmento.com/'
Navigated to:'https://ui.cogmento.com/'
11-02-2020 18:04:26 LoginPageTest.java INFO  [main] Log4jforFREECRM 32 - ******************launching browser for LoginPageTest Test****************
11-02-2020 18:04:26 LoginPageTest.java INFO  [main] Log4jforFREECRM 34 - entering in to application
11-02-2020 18:04:26 LoginPageTest.java INFO  [main] Log4jforFREECRM 47 - LoginTest
Trying to find Element By : By.name: email
Found Element By : By.name: email
Trying to find Element By : By.name: password
Found Element By : By.name: password
Trying to find Element By : By.xpath: //div[@class='ui fluid large blue submit button']
Found Element By : By.xpath: //div[@class='ui fluid large blue submit button']
Trying to click on: [[ChromeDriver: chrome on WINDOWS (1aa20569f9ca091b6e9e9eaca54aba1d)] -> xpath: //div[@class='ui fluid large blue submit button']]
Clicked on: [[ChromeDriver: chrome on WINDOWS (1aa20569f9ca091b6e9e9eaca54aba1d)] -> xpath: //div[@class='ui fluid large blue submit button']]
11-02-2020 18:04:26 LoginPageTest.java FATAL [main] Log4jforFREECRM 49 - this is fatal for id and password
]]></system-out>
    <system-err><![CDATA[Starting ChromeDriver 85.0.4183.83 (94abc2237ae0c9a4cb5f035431c8adfb94324633-refs/branch-heads/4183@{#1658}) on port 23953
Only local connections are allowed.
Please see https://chromedriver.chromium.org/security-considerations for suggestions on keeping ChromeDriver safe.
ChromeDriver was started successfully.
[1604358258.882][WARNING]: This version of ChromeDriver has not been tested with Chrome version 86.
Nov 02, 2020 6:04:21 PM org.openqa.selenium.remote.ProtocolHandshake createSession
INFO: Detected dialect: W3C
]]></system-err>
  </testcase>
</testsuite>