<?xml version="1.0" encoding="UTF-8"?>
<testng-results ignored="1" total="2" passed="1" failed="0" skipped="0">
  <reporter-output>
  </reporter-output>
  <suite started-at="2020-11-02T18:04:17 EST" name="FREE CRM application test automation Test Suite" finished-at="2020-11-02T18:04:27 EST" duration-ms="9976">
    <groups>
      <group name="smoke">
        <method signature="LoginPageTest.loginTest()[pri:0, instance:com.crm.qa.testcases.LoginPageTest@2aa5fe93]" name="loginTest" class="com.crm.qa.testcases.LoginPageTest"/>
      </group> <!-- smoke -->
    </groups>
    <test started-at="2020-11-02T18:04:17 EST" name="FREE CRM App Test Cases" finished-at="2020-11-02T18:04:27 EST" duration-ms="9976">
      <class name="com.crm.qa.testcases.LoginPageTest">
        <test-method is-config="true" signature="setUp()[pri:0, instance:com.crm.qa.testcases.LoginPageTest@2aa5fe93]" started-at="2020-11-02T18:04:17 EST" name="setUp" finished-at="2020-11-02T18:04:26 EST" duration-ms="8893" status="PASS">
          <reporter-output>
          </reporter-output>
        </test-method> <!-- setUp -->
        <test-method signature="loginTest()[pri:0, instance:com.crm.qa.testcases.LoginPageTest@2aa5fe93]" started-at="2020-11-02T18:04:26 EST" name="loginTest" finished-at="2020-11-02T18:04:26 EST" duration-ms="332" status="PASS">
          <reporter-output>
          </reporter-output>
        </test-method> <!-- loginTest -->
        <test-method is-config="true" signature="tearDown()[pri:0, instance:com.crm.qa.testcases.LoginPageTest@2aa5fe93]" started-at="2020-11-02T18:04:26 EST" name="tearDown" finished-at="2020-11-02T18:04:27 EST" duration-ms="708" status="PASS">
          <reporter-output>
          </reporter-output>
        </test-method> <!-- tearDown -->
      </class> <!-- com.crm.qa.testcases.LoginPageTest -->
    </test> <!-- FREE CRM App Test Cases -->
  </suite> <!-- FREE CRM application test automation Test Suite -->
</testng-results>
