<?xml version="1.0" encoding="UTF-8"?>
<testng-results ignored="1" total="2" passed="1" failed="0" skipped="0">
  <reporter-output>
  </reporter-output>
  <suite started-at="2020-11-02T13:05:15 EST" name="FREE CRM application test automation Test Suite" finished-at="2020-11-02T13:05:24 EST" duration-ms="9418">
    <groups>
      <group name="sanity">
        <method signature="LoginPageTest.loginPageTitleTest()[pri:0, instance:com.crm.qa.testcases.LoginPageTest@2f112965]" name="loginPageTitleTest" class="com.crm.qa.testcases.LoginPageTest"/>
      </group> <!-- sanity -->
    </groups>
    <test started-at="2020-11-02T13:05:15 EST" name="FREE CRM App Test Cases" finished-at="2020-11-02T13:05:24 EST" duration-ms="9418">
      <class name="com.crm.qa.testcases.LoginPageTest">
        <test-method is-config="true" signature="setUp()[pri:0, instance:com.crm.qa.testcases.LoginPageTest@2f112965]" started-at="2020-11-02T13:05:15 EST" name="setUp" finished-at="2020-11-02T13:05:23 EST" duration-ms="8534" status="PASS">
          <reporter-output>
          </reporter-output>
        </test-method> <!-- setUp -->
        <test-method signature="loginPageTitleTest()[pri:0, instance:com.crm.qa.testcases.LoginPageTest@2f112965]" started-at="2020-11-02T13:05:23 EST" name="loginPageTitleTest" finished-at="2020-11-02T13:05:23 EST" duration-ms="24" status="PASS">
          <reporter-output>
          </reporter-output>
        </test-method> <!-- loginPageTitleTest -->
        <test-method is-config="true" signature="tearDown()[pri:0, instance:com.crm.qa.testcases.LoginPageTest@2f112965]" started-at="2020-11-02T13:05:23 EST" name="tearDown" finished-at="2020-11-02T13:05:24 EST" duration-ms="818" status="PASS">
          <reporter-output>
          </reporter-output>
        </test-method> <!-- tearDown -->
      </class> <!-- com.crm.qa.testcases.LoginPageTest -->
    </test> <!-- FREE CRM App Test Cases -->
  </suite> <!-- FREE CRM application test automation Test Suite -->
</testng-results>
